[debug] [2018-06-09T00:34:33.957Z] ----------------------------------------------------------------------
[debug] [2018-06-09T00:34:33.959Z] Command:       C:\Program Files\nodejs\node.exe C:\Users\nahu_\AppData\Roaming\npm\node_modules\firebase-tools\bin\firebase deploy
[debug] [2018-06-09T00:34:33.960Z] CLI Version:   3.18.6
[debug] [2018-06-09T00:34:33.960Z] Platform:      win32
[debug] [2018-06-09T00:34:33.960Z] Node Version:  v9.8.0
[debug] [2018-06-09T00:34:33.960Z] Time:          Fri Jun 08 2018 17:34:33 GMT-0700 (Pacific Daylight Time)
[debug] [2018-06-09T00:34:33.960Z] ----------------------------------------------------------------------
[debug]
[debug] [2018-06-09T00:34:33.969Z] > command requires scopes: ["email","openid","https://www.googleapis.com/auth/cloudplatformprojects.readonly","https://www.googleapis.com/auth/firebase","https://www.googleapis.com/auth/cloud-platform"]
[debug] [2018-06-09T00:34:33.969Z] > authorizing via signed-in user
[debug] [2018-06-09T00:34:33.971Z] >>> HTTP REQUEST GET https://admin.firebase.com/v1/projects/notebook-1de53

 Fri Jun 08 2018 17:34:33 GMT-0700 (Pacific Daylight Time)
[debug] [2018-06-09T00:34:34.548Z] <<< HTTP RESPONSE 200
[debug] [2018-06-09T00:34:34.548Z] >>> HTTP REQUEST GET https://admin.firebase.com/v1/database/notebook-1de53/tokens

 Fri Jun 08 2018 17:34:34 GMT-0700 (Pacific Daylight Time)
[debug] [2018-06-09T00:34:34.967Z] <<< HTTP RESPONSE 200
[info]
[info] === Deploying to 'notebook-1de53'...
[info]
[info] i  deploying database, storage, hosting
[info] i  database: checking rules syntax...
[debug] [2018-06-09T00:34:35.281Z] >>> HTTP REQUEST PUT https://notebook-1de53.firebaseio.com/.settings/rules.json?dryRun=true
 {
  "rules": {
    ".read": true,
    ".write": true
  }
}

 Fri Jun 08 2018 17:34:35 GMT-0700 (Pacific Daylight Time)
[debug] [2018-06-09T00:34:35.684Z] <<< HTTP RESPONSE 200
[info] +  database: rules syntax for database notebook-1de53 is valid
[debug] [2018-06-09T00:34:35.686Z] >>> HTTP REQUEST GET https://appengine.googleapis.com/v1/apps/notebook-1de53

 Fri Jun 08 2018 17:34:35 GMT-0700 (Pacific Daylight Time)
[debug] [2018-06-09T00:34:36.119Z] <<< HTTP RESPONSE 200
[info] i  storage: checking storage.rules for compilation errors...
[debug] [2018-06-09T00:34:36.121Z] >>> HTTP REQUEST POST https://firebaserules.googleapis.com/v1/projects/notebook-1de53:test
 { source: { files: [ [Object] ] } }
 Fri Jun 08 2018 17:34:36 GMT-0700 (Pacific Daylight Time)
[debug] [2018-06-09T00:34:36.606Z] <<< HTTP RESPONSE 200
[info] +  storage: rules file storage.rules compiled successfully
[info] i  storage: uploading rules storage.rules...
[debug] [2018-06-09T00:34:36.611Z] >>> HTTP REQUEST POST https://firebaserules.googleapis.com/v1/projects/notebook-1de53/rulesets
 { source: { files: [ [Object] ] } }
 Fri Jun 08 2018 17:34:36 GMT-0700 (Pacific Daylight Time)
[debug] [2018-06-09T00:34:37.109Z] <<< HTTP RESPONSE 200
[debug] [2018-06-09T00:34:37.109Z] [rules] created ruleset projects/notebook-1de53/rulesets/b859a025-a36d-460a-93cd-60957498eaa3
[info] i  hosting: preparing dist directory for upload...
[debug] [2018-06-09T00:34:37.422Z] >>> HTTP REQUEST PUT https://deploy.firebase.com/v1/hosting/notebook-1de53/uploads/-LEWxq4icbE__WFgO6DA?fileCount=14&message=

 Fri Jun 08 2018 17:34:37 GMT-0700 (Pacific Daylight Time)
[debug] [2018-06-09T00:34:40.876Z] <<< HTTP RESPONSE 200
[debug] [2018-06-09T00:34:40.876Z] [hosting] .tgz uploaded successfully, waiting for extraction
[info] +  hosting: 14 files uploaded successfully
[debug] [2018-06-09T00:34:41.862Z] [hosting] deploy completed after 4753ms
[info] i  database: releasing rules...
[debug] [2018-06-09T00:34:42.032Z] >>> HTTP REQUEST PUT https://notebook-1de53.firebaseio.com/.settings/rules.json
 {
  "rules": {
    ".read": true,
    ".write": true
  }
}

 Fri Jun 08 2018 17:34:42 GMT-0700 (Pacific Daylight Time)
